          Pdgfa       Id2      Sox2  ...     Hand1    Pdgfra     Grhl1
64 TE  0.084630 -1.161052  1.314839  ...  0.365582  1.124076  0.069172
32 TE -0.170411 -1.002741  0.694640  ...  1.350677  0.357679  0.186648
16    -0.225063  1.437891 -0.158462  ... -0.334072 -0.973431  1.320138
64 PE -0.892270  1.357416 -0.625574  ...  0.974023 -1.630163  1.223299
32 TE -0.425453 -0.614878  0.129395  ... -0.063654  0.882056  1.440789

[5 rows x 15 columns]
N: 100
n_classes: 10
D: 15
Warning: Desired error not necessarily achieved due to precision loss.
         Current function value: 175.012294
         Iterations: 1
         Function evaluations: 5748
         Gradient evaluations: 28
time: 275.04479241371155
alpha 0.9436599111824324
beta 1.731522088364942
gamma 0.7700350061656228
(100, 2)
          Pdgfa       Id2      Sox2  ...     Hand1    Pdgfra     Grhl1
64 TE  0.084630 -1.161052  1.314839  ...  0.365582  1.124076  0.069172
32 TE -0.170411 -1.002741  0.694640  ...  1.350677  0.357679  0.186648
16    -0.225063  1.437891 -0.158462  ... -0.334072 -0.973431  1.320138
64 PE -0.892270  1.357416 -0.625574  ...  0.974023 -1.630163  1.223299
32 TE -0.425453 -0.614878  0.129395  ... -0.063654  0.882056  1.440789

[5 rows x 15 columns]
N: 200
n_classes: 10
D: 15
Warning: Desired error not necessarily achieved due to precision loss.
         Current function value: 199.702787
         Iterations: 1
         Function evaluations: 10538
         Gradient evaluations: 26
time: 357.96092224121094
alpha 0.9613679462020573
beta 1.7531664633147668
gamma 0.8082154211745278
/home/oleguer/.virtualenvs/py3/lib/python3.6/site-packages/numpy/linalg/linalg.py:2125: RuntimeWarning: overflow encountered in det
  r = _umath_linalg.det(a, signature=signature)
/home/oleguer/.virtualenvs/py3/lib/python3.6/site-packages/scipy/optimize/optimize.py:697: RuntimeWarning: invalid value encountered in double_scalars
  grad[k] = (f(*((xk + d,) + args)) - f0) / d[k]
/home/oleguer/.virtualenvs/py3/lib/python3.6/site-packages/numpy/linalg/linalg.py:2125: RuntimeWarning: overflow encountered in det
  r = _umath_linalg.det(a, signature=signature)
          Pdgfa       Id2      Sox2  ...     Hand1    Pdgfra     Grhl1
64 TE  0.084630 -1.161052  1.314839  ...  0.365582  1.124076  0.069172
32 TE -0.170411 -1.002741  0.694640  ...  1.350677  0.357679  0.186648
16    -0.225063  1.437891 -0.158462  ... -0.334072 -0.973431  1.320138
64 PE -0.892270  1.357416 -0.625574  ...  0.974023 -1.630163  1.223299
32 TE -0.425453 -0.614878  0.129395  ... -0.063654  0.882056  1.440789

[5 rows x 15 columns]
N: 200
n_classes: 10
D: 15
Warning: Desired error not necessarily achieved due to precision loss.
         Current function value: 199.596547
         Iterations: 1
         Function evaluations: 3251
         Gradient evaluations: 8
time: 107.14305877685547
alpha 0.9593012698701374
beta 1.7221184586581197
gamma 0.785036032502749
